<?xml version="1.0" encoding="UTF-8"?>
<testng-results ignored="0" total="2" passed="2" failed="0" skipped="0">
  <reporter-output>
  </reporter-output>
  <suite started-at="2025-07-16T23:18:04 IST" name="Master Suite" finished-at="2025-07-16T23:18:16 IST" duration-ms="11826">
    <groups>
      <group name="Master">
        <method signature="TC_001_AccountRegistration.verify_account_regustration()[pri:0, instance:testCases.TC_001_AccountRegistration@5965be2d]" name="verify_account_regustration" class="testCases.TC_001_AccountRegistration"/>
        <method signature="TC_002_LoginTest.verify_login()[pri:0, instance:testCases.TC_002_LoginTest@71e693fa]" name="verify_login" class="testCases.TC_002_LoginTest"/>
      </group> <!-- Master -->
      <group name="Sanity">
        <method signature="TC_002_LoginTest.verify_login()[pri:0, instance:testCases.TC_002_LoginTest@71e693fa]" name="verify_login" class="testCases.TC_002_LoginTest"/>
      </group> <!-- Sanity -->
      <group name="Regression">
        <method signature="TC_001_AccountRegistration.verify_account_regustration()[pri:0, instance:testCases.TC_001_AccountRegistration@5965be2d]" name="verify_account_regustration" class="testCases.TC_001_AccountRegistration"/>
      </group> <!-- Regression -->
    </groups>
    <test started-at="2025-07-16T23:18:04 IST" name="Test" finished-at="2025-07-16T23:18:16 IST" duration-ms="11826">
      <class name="testCases.TC_002_LoginTest">
        <test-method is-config="true" signature="setUp(java.lang.String,java.lang.String)[pri:0, instance:testCases.TC_002_LoginTest@71e693fa]" started-at="2025-07-16T23:18:12 IST" name="setUp" finished-at="2025-07-16T23:18:14 IST" duration-ms="2364" status="PASS">
          <params>
            <param index="0">
              <value>
                <![CDATA[Windows]]>
              </value>
            </param>
            <param index="1">
              <value>
                <![CDATA[chrome]]>
              </value>
            </param>
          </params>
          <reporter-output>
          </reporter-output>
        </test-method> <!-- setUp -->
        <test-method signature="verify_login()[pri:0, instance:testCases.TC_002_LoginTest@71e693fa]" started-at="2025-07-16T23:18:14 IST" name="verify_login" finished-at="2025-07-16T23:18:16 IST" duration-ms="1625" status="PASS">
          <reporter-output>
          </reporter-output>
        </test-method> <!-- verify_login -->
        <test-method is-config="true" signature="tearDown()[pri:0, instance:testCases.TC_002_LoginTest@71e693fa]" started-at="2025-07-16T23:18:16 IST" name="tearDown" finished-at="2025-07-16T23:18:16 IST" duration-ms="200" status="PASS">
          <reporter-output>
          </reporter-output>
        </test-method> <!-- tearDown -->
      </class> <!-- testCases.TC_002_LoginTest -->
      <class name="testCases.TC_001_AccountRegistration">
        <test-method is-config="true" signature="setUp(java.lang.String,java.lang.String)[pri:0, instance:testCases.TC_001_AccountRegistration@5965be2d]" started-at="2025-07-16T23:18:05 IST" name="setUp" finished-at="2025-07-16T23:18:09 IST" duration-ms="4554" status="PASS">
          <params>
            <param index="0">
              <value>
                <![CDATA[Windows]]>
              </value>
            </param>
            <param index="1">
              <value>
                <![CDATA[chrome]]>
              </value>
            </param>
          </params>
          <reporter-output>
          </reporter-output>
        </test-method> <!-- setUp -->
        <test-method signature="verify_account_regustration()[pri:0, instance:testCases.TC_001_AccountRegistration@5965be2d]" started-at="2025-07-16T23:18:09 IST" name="verify_account_regustration" finished-at="2025-07-16T23:18:12 IST" duration-ms="2656" status="PASS">
          <reporter-output>
          </reporter-output>
        </test-method> <!-- verify_account_regustration -->
        <test-method is-config="true" signature="tearDown()[pri:0, instance:testCases.TC_001_AccountRegistration@5965be2d]" started-at="2025-07-16T23:18:12 IST" name="tearDown" finished-at="2025-07-16T23:18:12 IST" duration-ms="209" status="PASS">
          <reporter-output>
          </reporter-output>
        </test-method> <!-- tearDown -->
      </class> <!-- testCases.TC_001_AccountRegistration -->
    </test> <!-- Test -->
  </suite> <!-- Master Suite -->
</testng-results>
