<?xml version="1.0" encoding="UTF-8"?>
<testng-results ignored="0" total="4" passed="4" failed="0" skipped="0">
  <reporter-output>
  </reporter-output>
  <suite started-at="2025-07-06T23:20:05 IST" name="Suite" finished-at="2025-07-06T23:20:33 IST" duration-ms="28435">
    <groups>
      <group name="Master">
        <method signature="TC_001_AccountRegistration.verify_account_regustration()[pri:0, instance:testCases.TC_001_AccountRegistration@55fe41ea]" name="verify_account_regustration" class="testCases.TC_001_AccountRegistration"/>
        <method signature="TC_002_LoginTest.verify_login()[pri:0, instance:testCases.TC_002_LoginTest@2aceadd4]" name="verify_login" class="testCases.TC_002_LoginTest"/>
        <method signature="TC_001_AccountRegistration.verify_account_regustration()[pri:0, instance:testCases.TC_001_AccountRegistration@399c4be1]" name="verify_account_regustration" class="testCases.TC_001_AccountRegistration"/>
        <method signature="TC_002_LoginTest.verify_login()[pri:0, instance:testCases.TC_002_LoginTest@291caca8]" name="verify_login" class="testCases.TC_002_LoginTest"/>
      </group> <!-- Master -->
      <group name="Sanity">
        <method signature="TC_002_LoginTest.verify_login()[pri:0, instance:testCases.TC_002_LoginTest@2aceadd4]" name="verify_login" class="testCases.TC_002_LoginTest"/>
        <method signature="TC_002_LoginTest.verify_login()[pri:0, instance:testCases.TC_002_LoginTest@291caca8]" name="verify_login" class="testCases.TC_002_LoginTest"/>
      </group> <!-- Sanity -->
      <group name="Regression">
        <method signature="TC_001_AccountRegistration.verify_account_regustration()[pri:0, instance:testCases.TC_001_AccountRegistration@55fe41ea]" name="verify_account_regustration" class="testCases.TC_001_AccountRegistration"/>
        <method signature="TC_001_AccountRegistration.verify_account_regustration()[pri:0, instance:testCases.TC_001_AccountRegistration@399c4be1]" name="verify_account_regustration" class="testCases.TC_001_AccountRegistration"/>
      </group> <!-- Regression -->
    </groups>
    <test started-at="2025-07-06T23:20:05 IST" name="Linux-Chrome" finished-at="2025-07-06T23:20:15 IST" duration-ms="10396">
      <class name="testCases.TC_002_LoginTest">
        <test-method is-config="true" signature="setUp(java.lang.String,java.lang.String)[pri:0, instance:testCases.TC_002_LoginTest@2aceadd4]" started-at="2025-07-06T23:20:12 IST" name="setUp" finished-at="2025-07-06T23:20:14 IST" duration-ms="1492" status="PASS">
          <params>
            <param index="0">
              <value>
                <![CDATA[Linux]]>
              </value>
            </param>
            <param index="1">
              <value>
                <![CDATA[chrome]]>
              </value>
            </param>
          </params>
          <reporter-output>
          </reporter-output>
        </test-method> <!-- setUp -->
        <test-method signature="verify_login()[pri:0, instance:testCases.TC_002_LoginTest@2aceadd4]" started-at="2025-07-06T23:20:14 IST" name="verify_login" finished-at="2025-07-06T23:20:15 IST" duration-ms="1556" status="PASS">
          <reporter-output>
          </reporter-output>
        </test-method> <!-- verify_login -->
        <test-method is-config="true" signature="tearDown()[pri:0, instance:testCases.TC_002_LoginTest@2aceadd4]" started-at="2025-07-06T23:20:15 IST" name="tearDown" finished-at="2025-07-06T23:20:15 IST" duration-ms="88" status="PASS">
          <reporter-output>
          </reporter-output>
        </test-method> <!-- tearDown -->
      </class> <!-- testCases.TC_002_LoginTest -->
      <class name="testCases.TC_001_AccountRegistration">
        <test-method is-config="true" signature="setUp(java.lang.String,java.lang.String)[pri:0, instance:testCases.TC_001_AccountRegistration@55fe41ea]" started-at="2025-07-06T23:20:05 IST" name="setUp" finished-at="2025-07-06T23:20:09 IST" duration-ms="4202" status="PASS">
          <params>
            <param index="0">
              <value>
                <![CDATA[Linux]]>
              </value>
            </param>
            <param index="1">
              <value>
                <![CDATA[chrome]]>
              </value>
            </param>
          </params>
          <reporter-output>
          </reporter-output>
        </test-method> <!-- setUp -->
        <test-method signature="verify_account_regustration()[pri:0, instance:testCases.TC_001_AccountRegistration@55fe41ea]" started-at="2025-07-06T23:20:09 IST" name="verify_account_regustration" finished-at="2025-07-06T23:20:12 IST" duration-ms="2653" status="PASS">
          <reporter-output>
          </reporter-output>
        </test-method> <!-- verify_account_regustration -->
        <test-method is-config="true" signature="tearDown()[pri:0, instance:testCases.TC_001_AccountRegistration@55fe41ea]" started-at="2025-07-06T23:20:12 IST" name="tearDown" finished-at="2025-07-06T23:20:12 IST" duration-ms="97" status="PASS">
          <reporter-output>
          </reporter-output>
        </test-method> <!-- tearDown -->
      </class> <!-- testCases.TC_001_AccountRegistration -->
    </test> <!-- Linux-Chrome -->
    <test started-at="2025-07-06T23:20:17 IST" name="Linux-Firefox" finished-at="2025-07-06T23:20:33 IST" duration-ms="16280">
      <class name="testCases.TC_002_LoginTest">
        <test-method is-config="true" signature="setUp(java.lang.String,java.lang.String)[pri:0, instance:testCases.TC_002_LoginTest@291caca8]" started-at="2025-07-06T23:20:28 IST" name="setUp" finished-at="2025-07-06T23:20:31 IST" duration-ms="3084" status="PASS">
          <params>
            <param index="0">
              <value>
                <![CDATA[Linux]]>
              </value>
            </param>
            <param index="1">
              <value>
                <![CDATA[firefox]]>
              </value>
            </param>
          </params>
          <reporter-output>
          </reporter-output>
        </test-method> <!-- setUp -->
        <test-method signature="verify_login()[pri:0, instance:testCases.TC_002_LoginTest@291caca8]" started-at="2025-07-06T23:20:31 IST" name="verify_login" finished-at="2025-07-06T23:20:33 IST" duration-ms="1416" status="PASS">
          <reporter-output>
          </reporter-output>
        </test-method> <!-- verify_login -->
        <test-method is-config="true" signature="tearDown()[pri:0, instance:testCases.TC_002_LoginTest@291caca8]" started-at="2025-07-06T23:20:33 IST" name="tearDown" finished-at="2025-07-06T23:20:33 IST" duration-ms="720" status="PASS">
          <reporter-output>
          </reporter-output>
        </test-method> <!-- tearDown -->
      </class> <!-- testCases.TC_002_LoginTest -->
      <class name="testCases.TC_001_AccountRegistration">
        <test-method is-config="true" signature="setUp(java.lang.String,java.lang.String)[pri:0, instance:testCases.TC_001_AccountRegistration@399c4be1]" started-at="2025-07-06T23:20:17 IST" name="setUp" finished-at="2025-07-06T23:20:25 IST" duration-ms="7852" status="PASS">
          <params>
            <param index="0">
              <value>
                <![CDATA[Linux]]>
              </value>
            </param>
            <param index="1">
              <value>
                <![CDATA[firefox]]>
              </value>
            </param>
          </params>
          <reporter-output>
          </reporter-output>
        </test-method> <!-- setUp -->
        <test-method signature="verify_account_regustration()[pri:0, instance:testCases.TC_001_AccountRegistration@399c4be1]" started-at="2025-07-06T23:20:25 IST" name="verify_account_regustration" finished-at="2025-07-06T23:20:27 IST" duration-ms="2469" status="PASS">
          <reporter-output>
          </reporter-output>
        </test-method> <!-- verify_account_regustration -->
        <test-method is-config="true" signature="tearDown()[pri:0, instance:testCases.TC_001_AccountRegistration@399c4be1]" started-at="2025-07-06T23:20:27 IST" name="tearDown" finished-at="2025-07-06T23:20:28 IST" duration-ms="728" status="PASS">
          <reporter-output>
          </reporter-output>
        </test-method> <!-- tearDown -->
      </class> <!-- testCases.TC_001_AccountRegistration -->
    </test> <!-- Linux-Firefox -->
  </suite> <!-- Suite -->
</testng-results>
